<?xml version="1.0" encoding="UTF-8"?>
<coverage generated="1715067630484" clover="3.2.0">
  <project timestamp="1715067630484" name="All files">
    <metrics statements="52" coveredstatements="52" conditionals="20" coveredconditionals="17" methods="7" coveredmethods="7" elements="79" coveredelements="76" complexity="0" loc="52" ncloc="52" packages="1" files="1" classes="1"/>
    <file name="index.js" path="/Volumes/Entertainment/Work/frontend-helper-methods/dist/index.js">
      <metrics statements="52" coveredstatements="52" conditionals="20" coveredconditionals="17" methods="7" coveredmethods="7"/>
      <line num="12" count="4" type="stmt"/>
      <line num="14" count="3" type="cond" truecount="1" falsecount="1"/>
      <line num="15" count="3" type="stmt"/>
      <line num="16" count="3" type="stmt"/>
      <line num="17" count="3" type="stmt"/>
      <line num="18" count="3" type="stmt"/>
      <line num="19" count="3" type="stmt"/>
      <line num="28" count="4" type="stmt"/>
      <line num="29" count="3" type="stmt"/>
      <line num="30" count="3" type="stmt"/>
      <line num="31" count="3" type="stmt"/>
      <line num="39" count="4" type="stmt"/>
      <line num="40" count="2" type="stmt"/>
      <line num="41" count="2" type="stmt"/>
      <line num="42" count="2" type="stmt"/>
      <line num="43" count="2" type="stmt"/>
      <line num="44" count="2" type="stmt"/>
      <line num="45" count="2" type="stmt"/>
      <line num="54" count="4" type="stmt"/>
      <line num="55" count="2" type="cond" truecount="2" falsecount="0"/>
      <line num="56" count="1" type="stmt"/>
      <line num="58" count="1" type="stmt"/>
      <line num="59" count="1" type="cond" truecount="1" falsecount="1"/>
      <line num="60" count="1" type="cond" truecount="1" falsecount="1"/>
      <line num="61" count="1" type="stmt"/>
      <line num="62" count="1" type="stmt"/>
      <line num="63" count="1" type="stmt"/>
      <line num="64" count="1" type="stmt"/>
      <line num="65" count="1" type="stmt"/>
      <line num="74" count="4" type="stmt"/>
      <line num="75" count="7" type="stmt"/>
      <line num="76" count="7" type="stmt"/>
      <line num="77" count="7" type="cond" truecount="4" falsecount="0"/>
      <line num="78" count="3" type="stmt"/>
      <line num="81" count="4" type="stmt"/>
      <line num="83" count="4" type="stmt"/>
      <line num="85" count="4" type="stmt"/>
      <line num="86" count="4" type="stmt"/>
      <line num="101" count="4" type="stmt"/>
      <line num="102" count="3" type="cond" truecount="2" falsecount="0"/>
      <line num="103" count="1" type="stmt"/>
      <line num="105" count="2" type="stmt"/>
      <line num="106" count="2" type="stmt"/>
      <line num="107" count="2" type="stmt"/>
      <line num="108" count="2" type="stmt"/>
      <line num="109" count="2" type="cond" truecount="2" falsecount="0"/>
      <line num="110" count="2" type="cond" truecount="2" falsecount="0"/>
      <line num="112" count="12" type="stmt"/>
      <line num="113" count="12" type="cond" truecount="2" falsecount="0"/>
      <line num="122" count="12" type="stmt"/>
      <line num="124" count="2" type="stmt"/>
      <line num="125" count="2" type="stmt"/>
    </file>
  </project>
</coverage>
