{"/Volumes/Entertainment/Work/frontend-helper-methods/dist/index.js": {"path":"/Volumes/Entertainment/Work/frontend-helper-methods/dist/index.js","statementMap":{"0":{"start":{"line":12,"column":33},"end":{"line":20,"column":1}},"1":{"start":{"line":14,"column":17},"end":{"line":14,"column":63}},"2":{"start":{"line":15,"column":20},"end":{"line":15,"column":51}},"3":{"start":{"line":16,"column":25},"end":{"line":16,"column":112}},"4":{"start":{"line":17,"column":18},"end":{"line":17,"column":42}},"5":{"start":{"line":18,"column":20},"end":{"line":18,"column":40}},"6":{"start":{"line":19,"column":4},"end":{"line":19,"column":19}},"7":{"start":{"line":28,"column":30},"end":{"line":32,"column":1}},"8":{"start":{"line":29,"column":18},"end":{"line":29,"column":52}},"9":{"start":{"line":30,"column":20},"end":{"line":30,"column":37}},"10":{"start":{"line":31,"column":4},"end":{"line":31,"column":19}},"11":{"start":{"line":39,"column":35},"end":{"line":46,"column":1}},"12":{"start":{"line":40,"column":18},"end":{"line":40,"column":35}},"13":{"start":{"line":41,"column":18},"end":{"line":41,"column":37}},"14":{"start":{"line":42,"column":23},"end":{"line":42,"column":56}},"15":{"start":{"line":43,"column":26},"end":{"line":43,"column":60}},"16":{"start":{"line":44,"column":21},"end":{"line":44,"column":55}},"17":{"start":{"line":45,"column":4},"end":{"line":45,"column":22}},"18":{"start":{"line":54,"column":35},"end":{"line":66,"column":1}},"19":{"start":{"line":55,"column":4},"end":{"line":57,"column":5}},"20":{"start":{"line":56,"column":8},"end":{"line":56,"column":57}},"21":{"start":{"line":58,"column":14},"end":{"line":58,"column":51}},"22":{"start":{"line":59,"column":22},"end":{"line":59,"column":137}},"23":{"start":{"line":60,"column":20},"end":{"line":60,"column":135}},"24":{"start":{"line":61,"column":19},"end":{"line":61,"column":38}},"25":{"start":{"line":62,"column":19},"end":{"line":62,"column":36}},"26":{"start":{"line":63,"column":20},"end":{"line":63,"column":36}},"27":{"start":{"line":64,"column":20},"end":{"line":64,"column":36}},"28":{"start":{"line":65,"column":4},"end":{"line":65,"column":54}},"29":{"start":{"line":74,"column":34},"end":{"line":87,"column":1}},"30":{"start":{"line":75,"column":16},"end":{"line":75,"column":34}},"31":{"start":{"line":76,"column":16},"end":{"line":76,"column":32}},"32":{"start":{"line":77,"column":4},"end":{"line":79,"column":5}},"33":{"start":{"line":78,"column":8},"end":{"line":78,"column":20}},"34":{"start":{"line":81,"column":22},"end":{"line":81,"column":71}},"35":{"start":{"line":83,"column":23},"end":{"line":83,"column":66}},"36":{"start":{"line":85,"column":28},"end":{"line":85,"column":55}},"37":{"start":{"line":86,"column":4},"end":{"line":86,"column":27}},"38":{"start":{"line":101,"column":38},"end":{"line":126,"column":1}},"39":{"start":{"line":102,"column":4},"end":{"line":104,"column":5}},"40":{"start":{"line":103,"column":8},"end":{"line":103,"column":20}},"41":{"start":{"line":105,"column":17},"end":{"line":105,"column":19}},"42":{"start":{"line":106,"column":16},"end":{"line":106,"column":31}},"43":{"start":{"line":107,"column":16},"end":{"line":107,"column":26}},"44":{"start":{"line":108,"column":28},"end":{"line":108,"column":60}},"45":{"start":{"line":109,"column":16},"end":{"line":109,"column":69}},"46":{"start":{"line":110,"column":4},"end":{"line":123,"column":11}},"47":{"start":{"line":112,"column":22},"end":{"line":112,"column":24}},"48":{"start":{"line":113,"column":23},"end":{"line":121,"column":41}},"49":{"start":{"line":122,"column":12},"end":{"line":122,"column":30}},"50":{"start":{"line":124,"column":14},"end":{"line":124,"column":29}},"51":{"start":{"line":125,"column":4},"end":{"line":125,"column":25}}},"fnMap":{"0":{"name":"(anonymous_0)","decl":{"start":{"line":12,"column":33},"end":{"line":12,"column":34}},"loc":{"start":{"line":12,"column":62},"end":{"line":20,"column":1}},"line":12},"1":{"name":"(anonymous_1)","decl":{"start":{"line":28,"column":30},"end":{"line":28,"column":31}},"loc":{"start":{"line":28,"column":41},"end":{"line":32,"column":1}},"line":28},"2":{"name":"(anonymous_2)","decl":{"start":{"line":39,"column":35},"end":{"line":39,"column":36}},"loc":{"start":{"line":39,"column":59},"end":{"line":46,"column":1}},"line":39},"3":{"name":"(anonymous_3)","decl":{"start":{"line":54,"column":35},"end":{"line":54,"column":36}},"loc":{"start":{"line":54,"column":53},"end":{"line":66,"column":1}},"line":54},"4":{"name":"(anonymous_4)","decl":{"start":{"line":74,"column":34},"end":{"line":74,"column":35}},"loc":{"start":{"line":74,"column":60},"end":{"line":87,"column":1}},"line":74},"5":{"name":"(anonymous_5)","decl":{"start":{"line":101,"column":38},"end":{"line":101,"column":39}},"loc":{"start":{"line":101,"column":66},"end":{"line":126,"column":1}},"line":101},"6":{"name":"(anonymous_6)","decl":{"start":{"line":111,"column":18},"end":{"line":111,"column":19}},"loc":{"start":{"line":111,"column":35},"end":{"line":123,"column":9}},"line":111}},"branchMap":{"0":{"loc":{"start":{"line":14,"column":17},"end":{"line":14,"column":63}},"type":"cond-expr","locations":[{"start":{"line":14,"column":46},"end":{"line":14,"column":47}},{"start":{"line":14,"column":50},"end":{"line":14,"column":63}}],"line":14},"1":{"loc":{"start":{"line":55,"column":4},"end":{"line":57,"column":5}},"type":"if","locations":[{"start":{"line":55,"column":4},"end":{"line":57,"column":5}},{"start":{},"end":{}}],"line":55},"2":{"loc":{"start":{"line":59,"column":65},"end":{"line":59,"column":84}},"type":"cond-expr","locations":[{"start":{"line":59,"column":76},"end":{"line":59,"column":78}},{"start":{"line":59,"column":81},"end":{"line":59,"column":84}}],"line":59},"3":{"loc":{"start":{"line":60,"column":63},"end":{"line":60,"column":82}},"type":"cond-expr","locations":[{"start":{"line":60,"column":74},"end":{"line":60,"column":76}},{"start":{"line":60,"column":79},"end":{"line":60,"column":82}}],"line":60},"4":{"loc":{"start":{"line":77,"column":4},"end":{"line":79,"column":5}},"type":"if","locations":[{"start":{"line":77,"column":4},"end":{"line":79,"column":5}},{"start":{},"end":{}}],"line":77},"5":{"loc":{"start":{"line":77,"column":8},"end":{"line":77,"column":24}},"type":"binary-expr","locations":[{"start":{"line":77,"column":8},"end":{"line":77,"column":14}},{"start":{"line":77,"column":18},"end":{"line":77,"column":24}}],"line":77},"6":{"loc":{"start":{"line":102,"column":4},"end":{"line":104,"column":5}},"type":"if","locations":[{"start":{"line":102,"column":4},"end":{"line":104,"column":5}},{"start":{},"end":{}}],"line":102},"7":{"loc":{"start":{"line":109,"column":16},"end":{"line":109,"column":69}},"type":"binary-expr","locations":[{"start":{"line":109,"column":16},"end":{"line":109,"column":31}},{"start":{"line":109,"column":35},"end":{"line":109,"column":69}}],"line":109},"8":{"loc":{"start":{"line":110,"column":4},"end":{"line":123,"column":10}},"type":"binary-expr","locations":[{"start":{"line":110,"column":4},"end":{"line":110,"column":9}},{"start":{"line":111,"column":8},"end":{"line":123,"column":10}}],"line":110},"9":{"loc":{"start":{"line":113,"column":23},"end":{"line":121,"column":41}},"type":"cond-expr","locations":[{"start":{"line":114,"column":18},"end":{"line":117,"column":40}},{"start":{"line":118,"column":18},"end":{"line":121,"column":41}}],"line":113}},"s":{"0":4,"1":3,"2":3,"3":3,"4":3,"5":3,"6":3,"7":4,"8":3,"9":3,"10":3,"11":4,"12":2,"13":2,"14":2,"15":2,"16":2,"17":2,"18":4,"19":2,"20":1,"21":1,"22":1,"23":1,"24":1,"25":1,"26":1,"27":1,"28":1,"29":4,"30":7,"31":7,"32":7,"33":3,"34":4,"35":4,"36":4,"37":4,"38":4,"39":3,"40":1,"41":2,"42":2,"43":2,"44":2,"45":2,"46":2,"47":12,"48":12,"49":12,"50":2,"51":2},"f":{"0":3,"1":3,"2":2,"3":2,"4":7,"5":3,"6":12},"b":{"0":[0,3],"1":[1,1],"2":[0,1],"3":[0,1],"4":[3,4],"5":[7,5],"6":[1,2],"7":[2,2],"8":[2,2],"9":[6,6]},"_coverageSchema":"1a1c01bbd47fc00a2c39e90264f33305004495a9","hash":"50b9a0ead18c1710b2dea79df4aaef00e93eb035"}
}
