{"/Volumes/Entertainment/Work/frontend-helper-methods/dist/index.js": {"path":"/Volumes/Entertainment/Work/frontend-helper-methods/dist/index.js","statementMap":{"0":{"start":{"line":11,"column":33},"end":{"line":19,"column":1}},"1":{"start":{"line":13,"column":17},"end":{"line":13,"column":63}},"2":{"start":{"line":14,"column":20},"end":{"line":14,"column":51}},"3":{"start":{"line":15,"column":25},"end":{"line":15,"column":112}},"4":{"start":{"line":16,"column":18},"end":{"line":16,"column":42}},"5":{"start":{"line":17,"column":20},"end":{"line":17,"column":40}},"6":{"start":{"line":18,"column":4},"end":{"line":18,"column":19}},"7":{"start":{"line":27,"column":30},"end":{"line":31,"column":1}},"8":{"start":{"line":28,"column":18},"end":{"line":28,"column":52}},"9":{"start":{"line":29,"column":20},"end":{"line":29,"column":37}},"10":{"start":{"line":30,"column":4},"end":{"line":30,"column":19}},"11":{"start":{"line":38,"column":35},"end":{"line":45,"column":1}},"12":{"start":{"line":39,"column":18},"end":{"line":39,"column":35}},"13":{"start":{"line":40,"column":18},"end":{"line":40,"column":37}},"14":{"start":{"line":41,"column":23},"end":{"line":41,"column":56}},"15":{"start":{"line":42,"column":26},"end":{"line":42,"column":60}},"16":{"start":{"line":43,"column":21},"end":{"line":43,"column":55}},"17":{"start":{"line":44,"column":4},"end":{"line":44,"column":22}},"18":{"start":{"line":53,"column":35},"end":{"line":65,"column":1}},"19":{"start":{"line":54,"column":4},"end":{"line":56,"column":5}},"20":{"start":{"line":55,"column":8},"end":{"line":55,"column":57}},"21":{"start":{"line":57,"column":14},"end":{"line":57,"column":51}},"22":{"start":{"line":58,"column":22},"end":{"line":58,"column":137}},"23":{"start":{"line":59,"column":20},"end":{"line":59,"column":135}},"24":{"start":{"line":60,"column":19},"end":{"line":60,"column":38}},"25":{"start":{"line":61,"column":19},"end":{"line":61,"column":36}},"26":{"start":{"line":62,"column":20},"end":{"line":62,"column":36}},"27":{"start":{"line":63,"column":20},"end":{"line":63,"column":36}},"28":{"start":{"line":64,"column":4},"end":{"line":64,"column":54}},"29":{"start":{"line":72,"column":34},"end":{"line":85,"column":1}},"30":{"start":{"line":73,"column":16},"end":{"line":73,"column":34}},"31":{"start":{"line":74,"column":16},"end":{"line":74,"column":32}},"32":{"start":{"line":75,"column":4},"end":{"line":77,"column":5}},"33":{"start":{"line":76,"column":8},"end":{"line":76,"column":20}},"34":{"start":{"line":79,"column":22},"end":{"line":79,"column":71}},"35":{"start":{"line":81,"column":23},"end":{"line":81,"column":66}},"36":{"start":{"line":83,"column":28},"end":{"line":83,"column":55}},"37":{"start":{"line":84,"column":4},"end":{"line":84,"column":27}}},"fnMap":{"0":{"name":"(anonymous_0)","decl":{"start":{"line":11,"column":33},"end":{"line":11,"column":34}},"loc":{"start":{"line":11,"column":62},"end":{"line":19,"column":1}},"line":11},"1":{"name":"(anonymous_1)","decl":{"start":{"line":27,"column":30},"end":{"line":27,"column":31}},"loc":{"start":{"line":27,"column":41},"end":{"line":31,"column":1}},"line":27},"2":{"name":"(anonymous_2)","decl":{"start":{"line":38,"column":35},"end":{"line":38,"column":36}},"loc":{"start":{"line":38,"column":59},"end":{"line":45,"column":1}},"line":38},"3":{"name":"(anonymous_3)","decl":{"start":{"line":53,"column":35},"end":{"line":53,"column":36}},"loc":{"start":{"line":53,"column":53},"end":{"line":65,"column":1}},"line":53},"4":{"name":"(anonymous_4)","decl":{"start":{"line":72,"column":34},"end":{"line":72,"column":35}},"loc":{"start":{"line":72,"column":60},"end":{"line":85,"column":1}},"line":72}},"branchMap":{"0":{"loc":{"start":{"line":13,"column":17},"end":{"line":13,"column":63}},"type":"cond-expr","locations":[{"start":{"line":13,"column":46},"end":{"line":13,"column":47}},{"start":{"line":13,"column":50},"end":{"line":13,"column":63}}],"line":13},"1":{"loc":{"start":{"line":54,"column":4},"end":{"line":56,"column":5}},"type":"if","locations":[{"start":{"line":54,"column":4},"end":{"line":56,"column":5}},{"start":{},"end":{}}],"line":54},"2":{"loc":{"start":{"line":58,"column":65},"end":{"line":58,"column":84}},"type":"cond-expr","locations":[{"start":{"line":58,"column":76},"end":{"line":58,"column":78}},{"start":{"line":58,"column":81},"end":{"line":58,"column":84}}],"line":58},"3":{"loc":{"start":{"line":59,"column":63},"end":{"line":59,"column":82}},"type":"cond-expr","locations":[{"start":{"line":59,"column":74},"end":{"line":59,"column":76}},{"start":{"line":59,"column":79},"end":{"line":59,"column":82}}],"line":59},"4":{"loc":{"start":{"line":75,"column":4},"end":{"line":77,"column":5}},"type":"if","locations":[{"start":{"line":75,"column":4},"end":{"line":77,"column":5}},{"start":{},"end":{}}],"line":75},"5":{"loc":{"start":{"line":75,"column":8},"end":{"line":75,"column":24}},"type":"binary-expr","locations":[{"start":{"line":75,"column":8},"end":{"line":75,"column":14}},{"start":{"line":75,"column":18},"end":{"line":75,"column":24}}],"line":75}},"s":{"0":3,"1":3,"2":3,"3":3,"4":3,"5":3,"6":3,"7":3,"8":3,"9":3,"10":3,"11":3,"12":2,"13":2,"14":2,"15":2,"16":2,"17":2,"18":3,"19":2,"20":1,"21":1,"22":1,"23":1,"24":1,"25":1,"26":1,"27":1,"28":1,"29":3,"30":5,"31":5,"32":5,"33":3,"34":2,"35":2,"36":2,"37":2},"f":{"0":3,"1":3,"2":2,"3":2,"4":5},"b":{"0":[0,3],"1":[1,1],"2":[0,1],"3":[0,1],"4":[3,2],"5":[5,3]},"_coverageSchema":"1a1c01bbd47fc00a2c39e90264f33305004495a9","hash":"2df4a1e69768f9d7b897bf3d404003d24326f915"}
}
