TN:
SF:dist/index.js
FN:10,(anonymous_0)
FN:26,(anonymous_1)
FN:37,(anonymous_2)
FN:55,(anonymous_3)
FNF:4
FNH:4
FNDA:3,(anonymous_0)
FNDA:3,(anonymous_1)
FNDA:2,(anonymous_2)
FNDA:2,(anonymous_3)
DA:10,3
DA:12,3
DA:13,3
DA:14,3
DA:15,3
DA:16,3
DA:17,3
DA:26,3
DA:27,3
DA:28,3
DA:29,3
DA:37,3
DA:38,2
DA:39,2
DA:40,2
DA:41,2
DA:42,2
DA:43,2
DA:55,3
DA:56,2
DA:57,1
DA:59,1
DA:60,1
DA:61,1
DA:62,1
DA:63,1
DA:64,1
DA:65,1
DA:66,1
LF:29
LH:29
BRDA:12,0,0,0
BRDA:12,0,1,3
BRDA:56,1,0,1
BRDA:56,1,1,1
BRDA:60,2,0,0
BRDA:60,2,1,1
BRDA:61,3,0,0
BRDA:61,3,1,1
BRF:8
BRH:5
end_of_record
