TN:
SF:dist/index.js
FN:11,(anonymous_0)
FN:27,(anonymous_1)
FN:38,(anonymous_2)
FN:53,(anonymous_3)
FN:72,(anonymous_4)
FNF:5
FNH:5
FNDA:3,(anonymous_0)
FNDA:3,(anonymous_1)
FNDA:2,(anonymous_2)
FNDA:2,(anonymous_3)
FNDA:5,(anonymous_4)
DA:11,3
DA:13,3
DA:14,3
DA:15,3
DA:16,3
DA:17,3
DA:18,3
DA:27,3
DA:28,3
DA:29,3
DA:30,3
DA:38,3
DA:39,2
DA:40,2
DA:41,2
DA:42,2
DA:43,2
DA:44,2
DA:53,3
DA:54,2
DA:55,1
DA:57,1
DA:58,1
DA:59,1
DA:60,1
DA:61,1
DA:62,1
DA:63,1
DA:64,1
DA:72,3
DA:73,5
DA:74,5
DA:75,5
DA:76,3
DA:79,2
DA:81,2
DA:83,2
DA:84,2
LF:38
LH:38
BRDA:13,0,0,0
BRDA:13,0,1,3
BRDA:54,1,0,1
BRDA:54,1,1,1
BRDA:58,2,0,0
BRDA:58,2,1,1
BRDA:59,3,0,0
BRDA:59,3,1,1
BRDA:75,4,0,3
BRDA:75,4,1,2
BRDA:75,5,0,5
BRDA:75,5,1,3
BRF:12
BRH:9
end_of_record
